<?xml version="1.0" encoding="UTF-8"?>
<!-- Generated by org.testng.reporters.JUnitReportReporter -->
<testsuite hostname="DESKTOP-NO13G2C" failures="0" tests="1" name="com.actitime.testscript.ProjectModule" time="32.968" errors="0" timestamp="2023-09-13T20:03:08 IST" skipped="0">
  <testcase classname="com.actitime.testscript.ProjectModule" name="testCreateProject" time="32.968">
    <system-out>
      <![CDATA[createProject
testCreateProjecthas got passed]]>
    </system-out>
  </testcase> <!-- testCreateProject -->
  <system-out>
    <![CDATA[openBrowser
login
createProject
testCreateProjecthas got passed
logout
closeBrowser]]>
  </system-out>
</testsuite> <!-- com.actitime.testscript.ProjectModule -->
