<?xml version="1.0" encoding="UTF-8"?>
<!-- Generated by org.testng.reporters.JUnitReportReporter -->
<testsuite hostname="DESKTOP-NO13G2C" failures="0" tests="3" name="com.actitime.generic.TaskModule" time="0.025" errors="0" timestamp="2023-08-30T10:47:11 IST" skipped="0">
  <testcase classname="com.actitime.generic.TaskModule" name="createTask" time="0.020">
    <system-out>
      <![CDATA[createTask]]>
    </system-out>
  </testcase> <!-- createTask -->
  <testcase classname="com.actitime.generic.TaskModule" name="modifyTask" time="0.002">
    <system-out>
      <![CDATA[modifyTask]]>
    </system-out>
  </testcase> <!-- modifyTask -->
  <testcase classname="com.actitime.generic.TaskModule" name="deleteTask" time="0.003">
    <system-out>
      <![CDATA[deleteTask]]>
    </system-out>
  </testcase> <!-- deleteTask -->
  <system-out>
    <![CDATA[createTask
deleteTask
modifyTask
createCustomer
createCustomer
createCustomer
modifyCustomer
deleteCustomer
createProject
deleteProject
modifyProject]]>
  </system-out>
</testsuite> <!-- com.actitime.generic.TaskModule -->
