<?xml version="1.0" encoding="UTF-8"?>
<!-- Generated by org.testng.reporters.JUnitReportReporter -->
<testsuite hostname="DESKTOP-NO13G2C" failures="0" tests="3" name="com.actitime.generic.projectModule" time="0.011" errors="0" timestamp="2023-08-30T10:47:11 IST" skipped="0">
  <testcase classname="com.actitime.generic.projectModule" name="createProject" time="0.002">
    <system-out>
      <![CDATA[createProject]]>
    </system-out>
  </testcase> <!-- createProject -->
  <testcase classname="com.actitime.generic.projectModule" name="deleteProject" time="0.003">
    <system-out>
      <![CDATA[deleteProject]]>
    </system-out>
  </testcase> <!-- deleteProject -->
  <testcase classname="com.actitime.generic.projectModule" name="modifyProject" time="0.006">
    <system-out>
      <![CDATA[modifyProject]]>
    </system-out>
  </testcase> <!-- modifyProject -->
  <system-out>
    <![CDATA[createTask
deleteTask
modifyTask
createCustomer
createCustomer
createCustomer
modifyCustomer
deleteCustomer
createProject
deleteProject
modifyProject]]>
  </system-out>
</testsuite> <!-- com.actitime.generic.projectModule -->
