<?xml version="1.0" encoding="UTF-8"?>
<!-- Generated by org.testng.reporters.JUnitReportReporter -->
<testsuite hostname="DESKTOP-NO13G2C" failures="0" tests="5" name="com.actitime.generic.CustomerModule" time="0.008" errors="0" timestamp="2023-08-30T10:47:11 IST" skipped="0">
  <testcase classname="com.actitime.generic.CustomerModule" name="createCustomer" time="0.001">
    <system-out>
      <![CDATA[createCustomer]]>
    </system-out>
  </testcase> <!-- createCustomer -->
  <testcase classname="com.actitime.generic.CustomerModule" name="createCustomer" time="0.002">
    <system-out>
      <![CDATA[createCustomer]]>
    </system-out>
  </testcase> <!-- createCustomer -->
  <testcase classname="com.actitime.generic.CustomerModule" name="createCustomer" time="0.000">
    <system-out>
      <![CDATA[createCustomer]]>
    </system-out>
  </testcase> <!-- createCustomer -->
  <testcase classname="com.actitime.generic.CustomerModule" name="modifyCustomer" time="0.003">
    <system-out>
      <![CDATA[modifyCustomer]]>
    </system-out>
  </testcase> <!-- modifyCustomer -->
  <testcase classname="com.actitime.generic.CustomerModule" name="deleteCustomer" time="0.002">
    <system-out>
      <![CDATA[deleteCustomer]]>
    </system-out>
  </testcase> <!-- deleteCustomer -->
  <system-out>
    <![CDATA[createTask
deleteTask
modifyTask
createCustomer
createCustomer
createCustomer
modifyCustomer
deleteCustomer
createProject
deleteProject
modifyProject]]>
  </system-out>
</testsuite> <!-- com.actitime.generic.CustomerModule -->
